<?xml version="1.0" encoding="UTF-8"?>
<testng-results ignored="0" total="1" passed="1" failed="0" skipped="0">
  <reporter-output>
  </reporter-output>
  <suite started-at="2019-04-19T13:12:11Z" name="Surefire suite" finished-at="2019-04-19T13:12:11Z" duration-ms="77">
    <groups>
    </groups>
    <test started-at="2019-04-19T13:12:11Z" name="Surefire test" finished-at="2019-04-19T13:12:11Z" duration-ms="77">
      <class name="cn.javaexception.DemoApplicationTests">
        <test-method signature="contextLoads()" started-at="2019-04-19T21:12:11Z" name="contextLoads" finished-at="2019-04-19T21:12:11Z" duration-ms="18" status="PASS">
          <reporter-output>
          </reporter-output>
        </test-method> <!-- contextLoads -->
      </class> <!-- cn.javaexception.DemoApplicationTests -->
    </test> <!-- Surefire test -->
  </suite> <!-- Surefire suite -->
</testng-results>
